app/build/intermediates/manifest_merge_blame_file/debug/manifest-merger-blame-debug-report.txt
1<?xml version="1.0" encoding="utf-8"?>
2<manifest xmlns:android="http://schemas.android.com/apk/res/android"
3    package="com.murach.newsreader"
4    android:versionCode="1"
5    android:versionName="1.0" >
6
7    <uses-sdk
8        android:minSdkVersion="16"
8-->src\main\AndroidManifest.xml
9        android:targetSdkVersion="23" />
9-->src\main\AndroidManifest.xml
10
11    <uses-permission android:name="android.permission.RECEIVE_BOOT_COMPLETED" />
11-->src\main\AndroidManifest.xml:7:5-81
11-->src\main\AndroidManifest.xml:7:22-78
12    <uses-permission android:name="android.permission.INTERNET" />
12-->src\main\AndroidManifest.xml:8:5-67
12-->src\main\AndroidManifest.xml:8:22-64
13    <uses-permission android:name="android.permission.ACCESS_NETWORK_STATE" />
13-->src\main\AndroidManifest.xml:9:5-79
13-->src\main\AndroidManifest.xml:9:22-76
14
15    <application
15-->src\main\AndroidManifest.xml:11:5-46:19
16        android:name="com.murach.newsreader.NewsReaderApp"
16-->src\main\AndroidManifest.xml:12:9-59
17        android:allowBackup="true"
17-->src\main\AndroidManifest.xml:13:9-35
18        android:debuggable="true"
19        android:icon="@drawable/ic_launcher"
19-->src\main\AndroidManifest.xml:14:9-45
20        android:label="@string/app_name"
20-->src\main\AndroidManifest.xml:15:9-41
21        android:testOnly="true"
22        android:theme="@style/AppTheme" >
22-->src\main\AndroidManifest.xml:16:9-40
23        <activity
23-->src\main\AndroidManifest.xml:18:9-25:20
24            android:name="com.murach.newsreader.ItemsActivity"
24-->src\main\AndroidManifest.xml:19:13-63
25            android:label="@string/app_name" >
25-->src\main\AndroidManifest.xml:20:13-45
26            <intent-filter>
26-->src\main\AndroidManifest.xml:21:13-24:29
27                <action android:name="android.intent.action.MAIN" />
27-->src\main\AndroidManifest.xml:22:17-69
27-->src\main\AndroidManifest.xml:22:25-66
28
29                <category android:name="android.intent.category.LAUNCHER" />
29-->src\main\AndroidManifest.xml:23:17-77
29-->src\main\AndroidManifest.xml:23:27-74
30            </intent-filter>
31        </activity>
32        <activity
32-->src\main\AndroidManifest.xml:26:9-29:20
33            android:name="com.murach.newsreader.ItemActivity"
33-->src\main\AndroidManifest.xml:27:13-62
34            android:label="@string/app_name" >
34-->src\main\AndroidManifest.xml:28:13-45
35        </activity>
36
37        <service
37-->src\main\AndroidManifest.xml:30:9-33:19
38            android:name="com.murach.newsreader.NewsReaderService"
38-->src\main\AndroidManifest.xml:31:13-46
39            android:exported="false" >
39-->src\main\AndroidManifest.xml:32:13-37
40        </service>
41
42        <receiver android:name="com.murach.newsreader.BootReceiver" >
42-->src\main\AndroidManifest.xml:35:9-39:20
42-->src\main\AndroidManifest.xml:35:19-46
43            <intent-filter>
43-->src\main\AndroidManifest.xml:36:13-38:29
44                <action android:name="android.intent.action.BOOT_COMPLETED" />
44-->src\main\AndroidManifest.xml:37:17-79
44-->src\main\AndroidManifest.xml:37:25-76
45            </intent-filter>
46        </receiver>
47        <receiver android:name="com.murach.newsreader.ConnectivityReceiver" >
47-->src\main\AndroidManifest.xml:40:9-44:20
47-->src\main\AndroidManifest.xml:40:19-54
48            <intent-filter>
48-->src\main\AndroidManifest.xml:41:13-43:29
49                <action android:name="android.net.conn.CONNECTIVITY_CHANGE" />
49-->src\main\AndroidManifest.xml:42:17-79
49-->src\main\AndroidManifest.xml:42:25-76
50            </intent-filter>
51        </receiver>
52    </application>
53
54</manifest>